0 info it worked if it ends with ok
<<<<<<< HEAD
1 verbose cli [ '/usr/bin/node', '/usr/bin/npm', 'start' ]
2 info using npm@1.4.28
3 info using node@v0.10.33
4 verbose node symlink /usr/bin/node
5 verbose run-script [ 'prestart', 'start', 'poststart' ]
6 info prestart ibetcha@0.0.0
7 info start ibetcha@0.0.0
8 verbose unsafe-perm in lifecycle true
9 info ibetcha@0.0.0 Failed to exec start script
10 error ibetcha@0.0.0 start: `node ./bin/www`
10 error Exit status 8
11 error Failed at the ibetcha@0.0.0 start script.
11 error This is most likely a problem with the ibetcha package,
11 error not with npm itself.
11 error Tell the author that this fails on your system:
11 error     node ./bin/www
11 error You can get their info via:
11 error     npm owner ls ibetcha
11 error There is likely additional logging output above.
12 error System Linux 3.13.0-39-generic
13 error command "/usr/bin/node" "/usr/bin/npm" "start"
14 error cwd /home/jonathanlim/Documents/Code/6.170/saadiyah_mukushev_dhlim_zulsar_finalProj
15 error node -v v0.10.33
16 error npm -v 1.4.28
17 error code ELIFECYCLE
18 verbose exit [ 1, true ]
=======
1 verbose cli [ 'node', '/usr/local/bin/npm', 'start' ]
2 info using npm@1.4.28
3 info using node@v0.10.32
4 verbose run-script [ 'prestart', 'start', 'poststart' ]
5 info prestart ibetcha@0.0.0
6 info start ibetcha@0.0.0
7 verbose unsafe-perm in lifecycle true
8 info ibetcha@0.0.0 Failed to exec start script
9 error ibetcha@0.0.0 start: `node ./bin/www`
9 error Exit status 8
10 error Failed at the ibetcha@0.0.0 start script.
10 error This is most likely a problem with the ibetcha package,
10 error not with npm itself.
10 error Tell the author that this fails on your system:
10 error     node ./bin/www
10 error You can get their info via:
10 error     npm owner ls ibetcha
10 error There is likely additional logging output above.
11 error System Darwin 13.4.0
12 error command "node" "/usr/local/bin/npm" "start"
13 error cwd /Users/saadiyah/Desktop/Fall 2014/mit 6.170 homework/saadiyah_mukushev_dhlim_zulsar_finalProj
14 error node -v v0.10.32
15 error npm -v 1.4.28
16 error code ELIFECYCLE
17 verbose exit [ 1, true ]
>>>>>>> 37f2529f8d45570d00dece7d40ee2b18ddd9453e
